TN:
SF:src/App.tsx
FN:13,App
FN:29,handleFlightComplete
FN:36,exportSnapshot
FN:60,exportReferences
FN:91,handleSearch
FN:173,handleSplashComplete
FN:181,performInitialSearch
FN:243,onCreated
FNF:8
FNH:1
FNDA:6,App
FNDA:0,handleFlightComplete
FNDA:0,exportSnapshot
FNDA:0,exportReferences
FNDA:0,handleSearch
FNDA:0,handleSplashComplete
FNDA:0,performInitialSearch
FNDA:0,onCreated
DA:1,1
DA:2,1
DA:3,1
DA:4,1
DA:5,1
DA:6,1
DA:7,1
DA:8,1
DA:9,1
DA:10,1
DA:11,1
DA:12,1
DA:13,6
DA:14,6
DA:15,6
DA:16,6
DA:17,6
DA:18,6
DA:19,6
DA:20,6
DA:21,6
DA:22,6
DA:23,6
DA:24,6
DA:25,6
DA:26,6
DA:27,6
DA:28,6
DA:29,6
DA:30,0
DA:31,6
DA:32,6
DA:33,6
DA:34,6
DA:35,6
DA:36,6
DA:37,0
DA:38,0
DA:39,0
DA:40,0
DA:41,0
DA:42,0
DA:43,0
DA:44,0
DA:45,0
DA:46,0
DA:47,0
DA:48,0
DA:49,0
DA:50,0
DA:51,0
DA:52,0
DA:53,0
DA:54,0
DA:55,0
DA:56,0
DA:57,6
DA:58,6
DA:59,6
DA:60,6
DA:61,0
DA:62,0
DA:63,0
DA:64,0
DA:65,0
DA:66,0
DA:67,0
DA:68,0
DA:69,0
DA:70,0
DA:71,0
DA:72,0
DA:73,0
DA:74,0
DA:75,0
DA:76,0
DA:77,0
DA:78,0
DA:79,0
DA:80,0
DA:81,0
DA:82,0
DA:83,0
DA:84,0
DA:85,0
DA:86,0
DA:87,0
DA:88,6
DA:89,6
DA:90,6
DA:91,6
DA:92,0
DA:93,0
DA:94,0
DA:95,0
DA:96,0
DA:97,0
DA:98,0
DA:99,0
DA:100,0
DA:101,0
DA:102,0
DA:103,0
DA:104,0
DA:105,0
DA:106,0
DA:107,0
DA:108,0
DA:109,0
DA:110,0
DA:111,0
DA:112,0
DA:113,0
DA:114,0
DA:115,0
DA:116,0
DA:117,0
DA:118,0
DA:119,0
DA:120,0
DA:121,0
DA:122,0
DA:123,0
DA:124,0
DA:125,0
DA:126,0
DA:127,0
DA:128,0
DA:129,0
DA:130,0
DA:131,0
DA:132,0
DA:133,0
DA:134,0
DA:135,0
DA:136,0
DA:137,0
DA:138,0
DA:139,0
DA:140,0
DA:141,0
DA:142,0
DA:143,0
DA:144,0
DA:145,0
DA:146,0
DA:147,0
DA:148,0
DA:149,0
DA:150,0
DA:151,0
DA:152,0
DA:153,0
DA:154,0
DA:155,0
DA:156,0
DA:157,0
DA:158,0
DA:159,0
DA:160,0
DA:161,0
DA:162,0
DA:163,0
DA:164,0
DA:165,0
DA:166,0
DA:167,0
DA:168,0
DA:169,0
DA:170,6
DA:171,6
DA:172,6
DA:173,6
DA:174,0
DA:175,0
DA:176,0
DA:177,0
DA:178,6
DA:179,6
DA:180,6
DA:181,6
DA:182,0
DA:183,0
DA:184,0
DA:185,0
DA:186,0
DA:187,0
DA:188,0
DA:189,0
DA:190,0
DA:191,0
DA:192,0
DA:193,0
DA:194,0
DA:195,0
DA:196,0
DA:197,0
DA:198,0
DA:199,0
DA:200,0
DA:201,0
DA:202,0
DA:203,0
DA:204,0
DA:205,0
DA:206,0
DA:207,0
DA:208,0
DA:209,0
DA:210,0
DA:211,0
DA:212,0
DA:213,0
DA:214,6
DA:215,6
DA:216,6
DA:217,6
DA:218,6
DA:219,6
DA:220,3
DA:221,3
DA:222,6
DA:223,6
DA:224,6
DA:225,6
DA:226,6
DA:227,6
DA:228,6
DA:229,6
DA:230,6
DA:231,6
DA:232,6
DA:233,6
DA:234,6
DA:235,6
DA:236,6
DA:237,6
DA:238,6
DA:239,6
DA:240,6
DA:241,6
DA:242,6
DA:243,6
DA:244,0
DA:245,0
DA:246,6
DA:247,6
DA:248,6
DA:249,6
DA:250,6
DA:251,6
DA:252,6
DA:253,6
DA:254,6
DA:255,6
DA:256,6
DA:257,6
DA:258,6
DA:259,6
DA:260,6
DA:261,6
DA:262,6
DA:263,6
DA:264,6
DA:265,6
DA:266,6
DA:267,6
DA:268,6
DA:269,6
DA:270,6
DA:271,6
DA:272,6
DA:273,6
DA:274,6
DA:275,6
DA:276,6
DA:277,6
DA:278,6
DA:279,6
DA:280,6
DA:281,6
DA:282,6
DA:283,6
DA:284,6
DA:285,6
DA:286,6
DA:287,6
DA:288,6
DA:289,6
DA:290,6
DA:291,6
DA:292,6
DA:293,6
DA:294,6
DA:295,6
DA:296,6
DA:297,6
DA:298,6
DA:299,6
DA:300,6
DA:301,1
DA:302,1
LF:302
LH:138
BRDA:13,0,0,6
BRDA:219,1,0,3
BRF:2
BRH:2
end_of_record
TN:
SF:src/components/Header.tsx
FN:12,Header
FNF:1
FNH:1
FNDA:6,Header
DA:1,1
DA:2,1
DA:3,1
DA:4,1
DA:5,1
DA:6,1
DA:7,1
DA:8,1
DA:9,1
DA:10,1
DA:11,1
DA:12,1
DA:13,6
DA:14,6
DA:15,6
DA:16,6
DA:17,6
DA:18,6
DA:19,6
DA:20,6
DA:21,6
DA:22,6
DA:23,6
DA:24,6
DA:25,6
DA:26,6
DA:27,6
DA:28,6
DA:29,6
DA:30,6
DA:31,6
LF:31
LH:31
BRDA:12,0,0,6
BRF:1
BRH:1
end_of_record
TN:
SF:src/components/InfoPanel.tsx
FN:11,InfoPanel
FNF:1
FNH:1
FNDA:6,InfoPanel
DA:1,1
DA:2,1
DA:3,1
DA:4,1
DA:5,1
DA:6,1
DA:7,1
DA:8,1
DA:9,1
DA:10,1
DA:11,1
DA:12,6
DA:13,6
DA:14,6
DA:15,6
DA:16,6
DA:17,6
DA:18,6
DA:19,6
DA:20,6
DA:21,6
DA:22,6
DA:23,6
DA:24,6
DA:25,6
DA:26,6
DA:27,6
DA:28,6
DA:29,6
DA:30,3
DA:31,3
DA:32,3
DA:33,3
DA:34,6
DA:35,6
DA:36,6
DA:37,6
DA:38,6
DA:39,6
DA:40,6
DA:41,6
DA:42,6
DA:43,6
DA:44,6
DA:45,6
DA:46,6
DA:47,6
DA:48,6
LF:48
LH:48
BRDA:11,0,0,6
BRDA:29,1,0,3
BRF:2
BRH:2
end_of_record
TN:
SF:src/components/SearchBar.tsx
FN:11,SearchBar
FN:24,onChange
FNF:2
FNH:1
FNDA:6,SearchBar
FNDA:0,onChange
DA:1,1
DA:2,1
DA:3,1
DA:4,1
DA:5,1
DA:6,1
DA:7,1
DA:8,1
DA:9,1
DA:10,1
DA:11,1
DA:12,6
DA:13,6
DA:14,6
DA:15,6
DA:16,6
DA:17,6
DA:18,6
DA:19,6
DA:20,6
DA:21,6
DA:22,6
DA:23,6
DA:24,6
DA:25,6
DA:26,6
DA:27,6
DA:28,6
DA:29,6
DA:30,6
DA:31,6
DA:32,6
DA:33,6
DA:34,6
LF:34
LH:34
BRDA:11,0,0,6
BRDA:23,1,0,3
BRDA:29,2,0,0
BRDA:31,3,0,0
BRF:4
BRH:2
end_of_record
TN:
SF:src/components/SplashScreen.tsx
FN:8,SplashScreen
FN:12,generateRandomStars
FNF:2
FNH:2
FNDA:6,SplashScreen
FNDA:6,generateRandomStars
DA:1,1
DA:2,1
DA:3,1
DA:4,1
DA:5,1
DA:6,1
DA:7,1
DA:8,1
DA:9,6
DA:10,6
DA:11,6
DA:12,6
DA:13,6
DA:14,6
DA:15,6
DA:16,6
DA:17,300
DA:18,300
DA:19,300
DA:20,300
DA:21,300
DA:22,300
DA:23,300
DA:24,300
DA:25,300
DA:26,300
DA:27,300
DA:28,300
DA:29,300
DA:30,300
DA:31,300
DA:32,300
DA:33,300
DA:34,300
DA:35,300
DA:36,300
DA:37,300
DA:38,300
DA:39,300
DA:40,300
DA:41,300
DA:42,300
DA:43,300
DA:44,6
DA:45,6
DA:46,6
DA:47,6
DA:48,6
DA:49,6
DA:50,6
DA:51,6
DA:52,6
DA:53,0
DA:54,0
DA:55,6
DA:56,6
DA:57,6
DA:58,6
DA:59,6
DA:60,6
DA:61,6
DA:62,6
DA:63,6
DA:64,6
DA:65,6
DA:66,6
DA:67,6
DA:68,6
LF:68
LH:66
BRDA:8,0,0,6
BRDA:67,1,0,0
BRDA:12,2,0,6
BRDA:16,3,0,300
BRDA:47,4,0,6
BRDA:57,5,0,6
BRF:6
BRH:5
end_of_record
TN:
SF:src/components/StarHoverPreview.tsx
FN:10,StarHoverPreview
FNF:1
FNH:1
FNDA:6,StarHoverPreview
DA:1,1
DA:2,1
DA:3,1
DA:4,1
DA:5,1
DA:6,1
DA:7,1
DA:8,1
DA:9,1
DA:10,1
DA:11,6
DA:12,6
DA:13,6
DA:14,6
DA:15,6
DA:16,0
DA:17,0
DA:18,0
DA:19,0
DA:20,0
DA:21,0
DA:22,0
DA:23,0
DA:24,0
DA:25,0
DA:26,0
DA:27,0
DA:28,0
DA:29,6
DA:30,6
DA:31,6
DA:32,0
DA:33,0
DA:34,0
DA:35,6
DA:36,6
DA:37,6
DA:38,6
DA:39,0
DA:40,6
DA:41,6
DA:42,6
DA:43,6
DA:44,6
LF:44
LH:27
BRDA:10,0,0,6
BRDA:31,1,0,0
BRDA:36,2,0,0
BRDA:36,3,0,0
BRDA:38,4,0,0
BRDA:14,5,0,6
BRDA:15,6,0,0
BRDA:15,7,0,0
BRDA:15,8,0,0
BRF:9
BRH:2
end_of_record
TN:
SF:src/components/StarInfoPanel.tsx
FN:8,StarInfoPanel
FN:26,onClick
FNF:2
FNH:1
FNDA:6,StarInfoPanel
FNDA:0,onClick
DA:1,1
DA:2,1
DA:3,1
DA:4,1
DA:5,1
DA:6,1
DA:7,1
DA:8,1
DA:9,6
DA:10,0
DA:11,0
DA:12,0
DA:13,6
DA:14,6
DA:15,6
DA:16,6
DA:17,6
DA:18,0
DA:19,6
DA:20,6
DA:21,6
DA:22,6
DA:23,6
DA:24,6
DA:25,6
DA:26,6
DA:27,0
DA:28,0
DA:29,0
DA:30,0
DA:31,6
DA:32,6
DA:33,6
DA:34,6
DA:35,6
DA:36,6
LF:36
LH:28
BRDA:8,0,0,6
BRDA:9,1,0,0
BRDA:13,2,0,0
BRDA:14,3,0,0
BRDA:14,4,0,0
BRDA:14,5,0,0
BRDA:15,6,0,0
BRDA:15,7,0,0
BRDA:17,8,0,0
BRDA:17,9,0,0
BRDA:22,10,0,0
BRDA:22,11,0,0
BRF:12
BRH:1
end_of_record
TN:
SF:src/components/StarMap.tsx
FN:20,StarMap
FN:23,onStarHover
FN:131,isStarInView
FN:154,getStarLODLevel
FNF:4
FNH:1
FNDA:6,StarMap
FNDA:0,onStarHover
FNDA:0,isStarInView
FNDA:0,getStarLODLevel
DA:1,1
DA:2,1
DA:3,1
DA:4,1
DA:5,1
DA:6,1
DA:7,1
DA:8,1
DA:9,1
DA:10,1
DA:11,1
DA:12,1
DA:13,1
DA:14,1
DA:15,1
DA:16,1
DA:17,1
DA:18,1
DA:19,1
DA:20,1
DA:21,6
DA:22,6
DA:23,6
DA:24,6
DA:25,6
DA:26,6
DA:27,6
DA:28,6
DA:29,6
DA:30,6
DA:31,6
DA:32,6
DA:33,6
DA:34,6
DA:35,6
DA:36,6
DA:37,6
DA:38,6
DA:39,6
DA:40,6
DA:41,6
DA:42,6
DA:43,6
DA:44,6
DA:45,6
DA:46,6
DA:47,6
DA:48,6
DA:49,6
DA:50,6
DA:51,6
DA:52,6
DA:53,6
DA:54,6
DA:55,0
DA:56,0
DA:57,0
DA:58,0
DA:59,0
DA:60,0
DA:61,0
DA:62,0
DA:63,6
DA:64,6
DA:65,6
DA:66,6
DA:67,0
DA:68,0
DA:69,0
DA:70,0
DA:71,0
DA:72,0
DA:73,0
DA:74,0
DA:75,0
DA:76,0
DA:77,0
DA:78,0
DA:79,0
DA:80,6
DA:81,6
DA:82,6
DA:83,6
DA:84,6
DA:85,6
DA:86,6
DA:87,6
DA:88,0
DA:89,0
DA:90,0
DA:91,0
DA:92,0
DA:93,0
DA:94,0
DA:95,0
DA:96,0
DA:97,0
DA:98,0
DA:99,0
DA:100,0
DA:101,0
DA:102,0
DA:103,6
DA:104,6
DA:105,6
DA:106,6
DA:107,6
DA:108,6
DA:109,0
DA:110,0
DA:111,0
DA:112,0
DA:113,6
DA:114,6
DA:115,6
DA:116,0
DA:117,0
DA:118,0
DA:119,0
DA:120,0
DA:121,0
DA:122,0
DA:123,0
DA:124,6
DA:125,6
DA:126,6
DA:127,6
DA:128,6
DA:129,6
DA:130,6
DA:131,6
DA:132,0
DA:133,0
DA:134,0
DA:135,0
DA:136,0
DA:137,0
DA:138,0
DA:139,0
DA:140,0
DA:141,0
DA:142,0
DA:143,0
DA:144,0
DA:145,0
DA:146,0
DA:147,0
DA:148,0
DA:149,0
DA:150,0
DA:151,6
DA:152,6
DA:153,6
DA:154,6
DA:155,0
DA:156,0
DA:157,0
DA:158,0
DA:159,0
DA:160,0
DA:161,0
DA:162,0
DA:163,0
DA:164,0
DA:165,0
DA:166,0
DA:167,0
DA:168,0
DA:169,0
DA:170,0
DA:171,0
DA:172,0
DA:173,0
DA:174,0
DA:175,6
DA:176,6
DA:177,6
DA:178,6
DA:179,6
DA:180,6
DA:181,6
DA:182,0
DA:183,0
DA:184,0
DA:185,0
DA:186,0
DA:187,0
DA:188,0
DA:189,0
DA:190,0
DA:191,0
DA:192,0
DA:193,0
DA:194,0
DA:195,0
DA:196,0
DA:197,0
DA:198,0
DA:199,0
DA:200,0
DA:201,0
DA:202,0
DA:203,0
DA:204,0
DA:205,0
DA:206,0
DA:207,0
DA:208,0
DA:209,0
DA:210,0
DA:211,0
DA:212,0
DA:213,0
DA:214,0
DA:215,0
DA:216,0
DA:217,6
DA:218,6
DA:219,6
DA:220,6
DA:221,6
DA:222,0
DA:223,0
DA:224,0
DA:225,0
DA:226,6
DA:227,6
DA:228,6
DA:229,6
DA:230,6
DA:231,6
DA:232,0
DA:233,0
DA:234,0
DA:235,0
DA:236,0
DA:237,0
DA:238,0
DA:239,0
DA:240,0
DA:241,6
DA:242,6
DA:243,6
DA:244,6
DA:245,6
DA:246,6
DA:247,6
DA:248,6
DA:249,6
DA:250,6
DA:251,6
DA:252,0
DA:253,0
DA:254,0
DA:255,0
DA:256,0
DA:257,0
DA:258,0
DA:259,0
DA:260,0
DA:261,0
DA:262,0
DA:263,6
DA:264,6
DA:265,6
DA:266,6
DA:267,0
DA:268,0
DA:269,0
DA:270,0
DA:271,0
DA:272,0
DA:273,6
DA:274,6
DA:275,6
DA:276,6
DA:277,0
DA:278,0
DA:279,0
DA:280,0
DA:281,0
DA:282,0
DA:283,0
DA:284,0
DA:285,0
DA:286,0
DA:287,0
DA:288,0
DA:289,0
DA:290,0
DA:291,0
DA:292,0
DA:293,0
DA:294,0
DA:295,0
DA:296,0
DA:297,0
DA:298,0
DA:299,0
DA:300,0
DA:301,0
DA:302,0
DA:303,0
DA:304,0
DA:305,0
DA:306,0
DA:307,0
DA:308,0
DA:309,0
DA:310,0
DA:311,0
DA:312,0
DA:313,0
DA:314,0
DA:315,0
DA:316,0
DA:317,0
DA:318,0
DA:319,0
DA:320,0
DA:321,0
DA:322,0
DA:323,0
DA:324,0
DA:325,6
DA:326,6
DA:327,6
DA:328,6
DA:329,6
DA:330,6
DA:331,6
DA:332,6
DA:333,6
DA:334,6
DA:335,6
DA:336,6
DA:337,6
DA:338,6
DA:339,6
DA:340,6
DA:341,6
DA:342,6
DA:343,6
DA:344,6
DA:345,0
DA:346,0
DA:347,0
DA:348,0
DA:349,0
DA:350,0
DA:351,0
DA:352,0
DA:353,0
DA:354,0
DA:355,0
DA:356,0
DA:357,0
DA:358,0
DA:359,0
DA:360,6
DA:361,6
DA:362,6
DA:363,6
DA:364,6
DA:365,6
DA:366,6
DA:367,6
DA:368,6
DA:369,6
LF:369
LH:154
BRDA:20,0,0,6
BRDA:221,1,0,0
BRDA:251,2,0,0
BRDA:266,3,0,0
BRDA:344,4,0,0
BRF:5
BRH:1
end_of_record
TN:
SF:src/components/VisibleStarInfoCards.tsx
FN:9,VisibleStarInfoCards
FNF:1
FNH:1
FNDA:6,VisibleStarInfoCards
DA:1,1
DA:2,1
DA:3,1
DA:4,1
DA:5,1
DA:6,1
DA:7,1
DA:8,1
DA:9,1
DA:10,6
DA:11,6
DA:12,6
DA:13,0
DA:14,0
DA:15,0
DA:16,0
DA:17,0
DA:18,0
DA:19,0
DA:20,0
DA:21,0
DA:22,0
DA:23,0
DA:24,0
DA:25,0
DA:26,0
DA:27,0
DA:28,0
DA:29,0
DA:30,0
DA:31,0
DA:32,0
DA:33,0
DA:34,0
DA:35,0
DA:36,0
DA:37,0
DA:38,0
DA:39,0
DA:40,0
DA:41,0
DA:42,0
DA:43,0
DA:44,0
DA:45,0
DA:46,0
DA:47,0
DA:48,0
DA:49,0
DA:50,0
DA:51,0
DA:52,0
DA:53,0
DA:54,0
DA:55,0
DA:56,0
DA:57,0
DA:58,0
DA:59,0
DA:60,0
DA:61,0
DA:62,0
DA:63,0
DA:64,0
DA:65,0
DA:66,0
DA:67,0
DA:68,0
DA:69,0
DA:70,0
DA:71,0
DA:72,0
DA:73,0
DA:74,0
DA:75,0
DA:76,0
DA:77,0
DA:78,0
DA:79,0
DA:80,0
DA:81,0
DA:82,0
DA:83,0
DA:84,0
DA:85,0
LF:85
LH:12
BRDA:9,0,0,6
BRDA:12,1,0,0
BRF:2
BRH:1
end_of_record
TN:
SF:src/hooks/useCameraFlight.ts
FN:4,useCameraFlight
FN:45,updateCameraFlight
FNF:2
FNH:1
FNDA:6,useCameraFlight
FNDA:0,updateCameraFlight
DA:1,1
DA:2,1
DA:3,1
DA:4,1
DA:5,6
DA:6,6
DA:7,6
DA:8,6
DA:9,6
DA:10,6
DA:11,6
DA:12,6
DA:13,6
DA:14,6
DA:15,6
DA:16,6
DA:17,6
DA:18,6
DA:19,6
DA:20,6
DA:21,6
DA:22,6
DA:23,6
DA:24,6
DA:25,6
DA:26,0
DA:27,0
DA:28,0
DA:29,0
DA:30,0
DA:31,0
DA:32,0
DA:33,0
DA:34,0
DA:35,6
DA:36,6
DA:37,6
DA:38,6
DA:39,3
DA:40,3
DA:41,3
DA:42,6
DA:43,6
DA:44,6
DA:45,6
DA:46,0
DA:47,0
DA:48,0
DA:49,0
DA:50,0
DA:51,0
DA:52,0
DA:53,0
DA:54,0
DA:55,0
DA:56,0
DA:57,0
DA:58,0
DA:59,0
DA:60,0
DA:61,0
DA:62,0
DA:63,0
DA:64,0
DA:65,0
DA:66,0
DA:67,0
DA:68,0
DA:69,0
DA:70,0
DA:71,0
DA:72,0
DA:73,0
DA:74,0
DA:75,6
DA:76,6
DA:77,6
DA:78,6
DA:79,6
DA:80,6
LF:80
LH:42
BRDA:4,0,0,6
BRDA:24,1,0,6
BRDA:25,2,0,0
BRDA:25,3,0,0
BRDA:25,4,0,0
BRDA:25,5,0,0
BRDA:25,6,0,0
BRDA:38,7,0,3
BRF:8
BRH:3
end_of_record
TN:
SF:src/hooks/useKeyboardControl.ts
FN:5,useKeyboardControl
FN:11,handleKeyDown
FN:17,handleKeyUp
FN:33,updateCameraPosition
FNF:4
FNH:1
FNDA:6,useKeyboardControl
FNDA:0,handleKeyDown
FNDA:0,handleKeyUp
FNDA:0,updateCameraPosition
DA:1,1
DA:2,1
DA:3,1
DA:4,1
DA:5,1
DA:6,6
DA:7,6
DA:8,6
DA:9,6
DA:10,6
DA:11,3
DA:12,0
DA:13,0
DA:14,0
DA:15,3
DA:16,3
DA:17,3
DA:18,0
DA:19,0
DA:20,0
DA:21,3
DA:22,3
DA:23,3
DA:24,3
DA:25,3
DA:26,3
DA:27,3
DA:28,3
DA:29,3
DA:30,6
DA:31,6
DA:32,6
DA:33,6
DA:34,0
DA:35,0
DA:36,0
DA:37,0
DA:38,0
DA:39,0
DA:40,0
DA:41,0
DA:42,0
DA:43,0
DA:44,0
DA:45,0
DA:46,0
DA:47,0
DA:48,0
DA:49,0
DA:50,0
DA:51,0
DA:52,0
DA:53,0
DA:54,6
DA:55,6
DA:56,6
DA:57,6
DA:58,6
DA:59,6
DA:60,6
LF:60
LH:34
BRDA:5,0,0,6
BRDA:10,1,0,3
BRDA:26,2,0,3
BRF:3
BRH:3
end_of_record
